Release 14.7 - xst P.20131013 (nt64)
Copyright (c) 1995-2013 Xilinx, Inc.  All rights reserved.
--> Parameter TMPDIR set to xst/projnav.tmp


Total REAL time to Xst completion: 1.00 secs
Total CPU time to Xst completion: 0.17 secs
 
--> Parameter xsthdpdir set to xst


Total REAL time to Xst completion: 1.00 secs
Total CPU time to Xst completion: 0.18 secs
 
--> Reading design: topMod.prj

TABLE OF CONTENTS
  1) Synthesis Options Summary
  2) HDL Parsing
  3) HDL Elaboration
  4) HDL Synthesis
       4.1) HDL Synthesis Report
  5) Advanced HDL Synthesis
       5.1) Advanced HDL Synthesis Report
  6) Low Level Synthesis
  7) Partition Report
  8) Design Summary
       8.1) Primitive and Black Box Usage
       8.2) Device utilization summary
       8.3) Partition Resource Summary
       8.4) Timing Report
            8.4.1) Clock Information
            8.4.2) Asynchronous Control Signals Information
            8.4.3) Timing Summary
            8.4.4) Timing Details
            8.4.5) Cross Clock Domains Report


=========================================================================
*                      Synthesis Options Summary                        *
=========================================================================
---- Source Parameters
Input File Name                    : "topMod.prj"
Ignore Synthesis Constraint File   : NO

---- Target Parameters
Output File Name                   : "topMod"
Output Format                      : NGC
Target Device                      : xc7k160t-2L-ffg676

---- Source Options
Top Module Name                    : topMod
Automatic FSM Extraction           : YES
FSM Encoding Algorithm             : Auto
Safe Implementation                : No
FSM Style                          : LUT
RAM Extraction                     : Yes
RAM Style                          : Auto
ROM Extraction                     : Yes
Shift Register Extraction          : YES
ROM Style                          : Auto
Resource Sharing                   : YES
Asynchronous To Synchronous        : NO
Shift Register Minimum Size        : 2
Use DSP Block                      : Auto
Automatic Register Balancing       : No

---- Target Options
LUT Combining                      : Auto
Reduce Control Sets                : Auto
Add IO Buffers                     : YES
Global Maximum Fanout              : 100000
Add Generic Clock Buffer(BUFG)     : 32
Register Duplication               : YES
Optimize Instantiated Primitives   : NO
Use Clock Enable                   : Auto
Use Synchronous Set                : Auto
Use Synchronous Reset              : Auto
Pack IO Registers into IOBs        : Auto
Equivalent register Removal        : YES

---- General Options
Optimization Goal                  : Speed
Optimization Effort                : 1
Power Reduction                    : NO
Keep Hierarchy                     : No
Netlist Hierarchy                  : As_Optimized
RTL Output                         : Yes
Global Optimization                : AllClockNets
Read Cores                         : YES
Write Timing Constraints           : NO
Cross Clock Analysis               : NO
Hierarchy Separator                : /
Bus Delimiter                      : <>
Case Specifier                     : Maintain
Slice Utilization Ratio            : 100
BRAM Utilization Ratio             : 100
DSP48 Utilization Ratio            : 100
Auto BRAM Packing                  : NO
Slice Utilization Ratio Delta      : 5

---- Other Options
Cores Search Directories           : {"../../../Org02_20200218/Org02_20200218/TANGANNAYONGQI3180300155_02" "ipcore_dir"  }

=========================================================================


=========================================================================
*                          HDL Parsing                                  *
=========================================================================
Analyzing Verilog file "C:\Users\Anna\Desktop\Comp Org\Labs\Org03_20200218\Org03_20200218\TANGANNAYONGQI3180300155_03\MC14495_ZJU.vf" into library work
Parsing module <MC14495_ZJU>.
Analyzing Verilog file "C:\Users\Anna\Desktop\Comp Org\Labs\Org03_20200218\Org03_20200218\TANGANNAYONGQI3180300155_03\SSeg_map_io.v" into library work
Parsing module <SSeg_map>.
Analyzing Verilog file "C:\Users\Anna\Desktop\Comp Org\Labs\Org03_20200218\Org03_20200218\TANGANNAYONGQI3180300155_03\Seg_map.v" into library work
Parsing module <Seg_map>.
Analyzing Verilog file "C:\Users\Anna\Desktop\Comp Org\Labs\Org03_20200218\Org03_20200218\TANGANNAYONGQI3180300155_03\Scansync.v" into library work
Parsing module <ScanSync>.
Analyzing Verilog file "C:\Users\Anna\Desktop\Comp Org\Labs\Org03_20200218\Org03_20200218\TANGANNAYONGQI3180300155_03\P2S_IO.v" into library work
Parsing module <P2S>.
Analyzing Verilog file "C:\Users\Anna\Desktop\Comp Org\Labs\Org03_20200218\Org03_20200218\TANGANNAYONGQI3180300155_03\MUX8T1_32.v" into library work
Parsing module <MUX8T1_32>.
Analyzing Verilog file "C:\Users\Anna\Desktop\Comp Org\Labs\Org03_20200218\Org03_20200218\TANGANNAYONGQI3180300155_03\MUX2T1_8.v" into library work
Parsing module <MUX2T1_8>.
Analyzing Verilog file "C:\Users\Anna\Desktop\Comp Org\Labs\Org03_20200218\Org03_20200218\TANGANNAYONGQI3180300155_03\MUX2T1_64.v" into library work
Parsing module <MUX2T1_64>.
Analyzing Verilog file "C:\Users\Anna\Desktop\Comp Org\Labs\Org03_20200218\Org03_20200218\TANGANNAYONGQI3180300155_03\LED_P2S_IO.v" into library work
Parsing module <LED_P2S>.
Analyzing Verilog file "C:\Users\Anna\Desktop\Comp Org\Labs\Org03_20200218\Org03_20200218\TANGANNAYONGQI3180300155_03\HexTo8SEG.v" into library work
Parsing module <HexTo8SEG>.
Parsing module <Hex2Seg>.
Analyzing Verilog file "C:\Users\Anna\Desktop\Comp Org\Labs\Org03_20200218\Org03_20200218\TANGANNAYONGQI3180300155_03\SSeg7_Dev.vf" into library work
Parsing module <SSeg7_Dev>.
Analyzing Verilog file "C:\Users\Anna\Desktop\Comp Org\Labs\Org03_20200218\Org03_20200218\TANGANNAYONGQI3180300155_03\SPIO_IO.v" into library work
Parsing module <SPIO>.
Analyzing Verilog file "C:\Users\Anna\Desktop\Comp Org\Labs\Org03_20200218\Org03_20200218\TANGANNAYONGQI3180300155_03\SEnter_2_32_IO.v" into library work
Parsing module <SEnter_2_32>.
Analyzing Verilog file "C:\Users\Anna\Desktop\Comp Org\Labs\Org03_20200218\Org03_20200218\TANGANNAYONGQI3180300155_03\Seg7_Dev.vf" into library work
Parsing module <MC14495_ZJU_MUSER_Seg7_Dev>.
Parsing module <Seg7_Dev>.
Analyzing Verilog file "C:\Users\Anna\Desktop\Comp Org\Labs\Org03_20200218\Org03_20200218\TANGANNAYONGQI3180300155_03\SCPU.v" into library work
Parsing module <SCPU>.
Analyzing Verilog file "C:\Users\Anna\Desktop\Comp Org\Labs\Org03_20200218\Org03_20200218\TANGANNAYONGQI3180300155_03\PIO_IO.v" into library work
Parsing module <PIO>.
Analyzing Verilog file "C:\Users\Anna\Desktop\Comp Org\Labs\Org03_20200218\Org03_20200218\TANGANNAYONGQI3180300155_03\MIO_BUS_IO.v" into library work
Parsing module <MIO_BUS>.
Analyzing Verilog file "C:\Users\Anna\Desktop\Comp Org\Labs\Org03_20200218\Org03_20200218\TANGANNAYONGQI3180300155_03\ipcore_dir\ROM_D.v" into library work
Parsing module <ROM_D>.
Analyzing Verilog file "C:\Users\Anna\Desktop\Comp Org\Labs\Org03_20200218\Org03_20200218\TANGANNAYONGQI3180300155_03\ipcore_dir\RAM_B.v" into library work
Parsing module <RAM_B>.
Analyzing Verilog file "C:\Users\Anna\Desktop\Comp Org\Labs\Org03_20200218\Org03_20200218\TANGANNAYONGQI3180300155_03\Counter_3_IO.v" into library work
Parsing module <Counter_x>.
Analyzing Verilog file "C:\Users\Anna\Desktop\Comp Org\Labs\Org03_20200218\Org03_20200218\TANGANNAYONGQI3180300155_03\clk_div.v" into library work
Parsing module <clk_div>.
Analyzing Verilog file "C:\Users\Anna\Desktop\Comp Org\Labs\Org02_20200218\Org02_20200218\TANGANNAYONGQI3180300155_02\SAnti_jitter_IO.v" into library work
Parsing module <SAnti_jitter>.
Analyzing Verilog file "C:\Users\Anna\Desktop\Comp Org\Labs\Org02_20200218\Org02_20200218\TANGANNAYONGQI3180300155_02\Multi_8CH32_IO.v" into library work
Parsing module <Multi_8CH32>.
Analyzing Verilog file "C:\Users\Anna\Desktop\Comp Org\Labs\Org03_20200218\Org03_20200218\TANGANNAYONGQI3180300155_03\topMod.vf" into library work
Parsing module <topMod>.

=========================================================================
*                            HDL Elaboration                            *
=========================================================================

Elaborating module <topMod>.

Elaborating module <SEnter_2_32>.
WARNING:HDLCompiler:1499 - "C:\Users\Anna\Desktop\Comp Org\Labs\Org03_20200218\Org03_20200218\TANGANNAYONGQI3180300155_03\SEnter_2_32_IO.v" Line 21: Empty module <SEnter_2_32> remains a black box.
WARNING:HDLCompiler:1127 - "C:\Users\Anna\Desktop\Comp Org\Labs\Org03_20200218\Org03_20200218\TANGANNAYONGQI3180300155_03\topMod.vf" Line 119: Assignment to Bi ignored, since the identifier is never used
WARNING:HDLCompiler:1127 - "C:\Users\Anna\Desktop\Comp Org\Labs\Org03_20200218\Org03_20200218\TANGANNAYONGQI3180300155_03\topMod.vf" Line 120: Assignment to blink ignored, since the identifier is never used

Elaborating module <SCPU>.
WARNING:HDLCompiler:1499 - "C:\Users\Anna\Desktop\Comp Org\Labs\Org03_20200218\Org03_20200218\TANGANNAYONGQI3180300155_03\SCPU.v" Line 21: Empty module <SCPU> remains a black box.

Elaborating module <ROM_D>.
WARNING:HDLCompiler:1499 - "C:\Users\Anna\Desktop\Comp Org\Labs\Org03_20200218\Org03_20200218\TANGANNAYONGQI3180300155_03\ipcore_dir\ROM_D.v" Line 39: Empty module <ROM_D> remains a black box.

Elaborating module <RAM_B>.
WARNING:HDLCompiler:1499 - "C:\Users\Anna\Desktop\Comp Org\Labs\Org03_20200218\Org03_20200218\TANGANNAYONGQI3180300155_03\ipcore_dir\RAM_B.v" Line 39: Empty module <RAM_B> remains a black box.

Elaborating module <MIO_BUS>.
WARNING:HDLCompiler:1499 - "C:\Users\Anna\Desktop\Comp Org\Labs\Org03_20200218\Org03_20200218\TANGANNAYONGQI3180300155_03\MIO_BUS_IO.v" Line 21: Empty module <MIO_BUS> remains a black box.

Elaborating module <Multi_8CH32>.

Elaborating module <MUX8T1_32>.
WARNING:HDLCompiler:189 - "C:\Users\Anna\Desktop\Comp Org\Labs\Org02_20200218\Org02_20200218\TANGANNAYONGQI3180300155_02\Multi_8CH32_IO.v" Line 54: Size mismatch in connection of port <I0>. Formal port size is 32-bit while actual signal size is 8-bit.
WARNING:HDLCompiler:189 - "C:\Users\Anna\Desktop\Comp Org\Labs\Org02_20200218\Org02_20200218\TANGANNAYONGQI3180300155_02\Multi_8CH32_IO.v" Line 55: Size mismatch in connection of port <I1>. Formal port size is 32-bit while actual signal size is 8-bit.
WARNING:HDLCompiler:189 - "C:\Users\Anna\Desktop\Comp Org\Labs\Org02_20200218\Org02_20200218\TANGANNAYONGQI3180300155_02\Multi_8CH32_IO.v" Line 56: Size mismatch in connection of port <I2>. Formal port size is 32-bit while actual signal size is 8-bit.
WARNING:HDLCompiler:189 - "C:\Users\Anna\Desktop\Comp Org\Labs\Org02_20200218\Org02_20200218\TANGANNAYONGQI3180300155_02\Multi_8CH32_IO.v" Line 57: Size mismatch in connection of port <I3>. Formal port size is 32-bit while actual signal size is 8-bit.
WARNING:HDLCompiler:189 - "C:\Users\Anna\Desktop\Comp Org\Labs\Org02_20200218\Org02_20200218\TANGANNAYONGQI3180300155_02\Multi_8CH32_IO.v" Line 58: Size mismatch in connection of port <I4>. Formal port size is 32-bit while actual signal size is 8-bit.
WARNING:HDLCompiler:189 - "C:\Users\Anna\Desktop\Comp Org\Labs\Org02_20200218\Org02_20200218\TANGANNAYONGQI3180300155_02\Multi_8CH32_IO.v" Line 59: Size mismatch in connection of port <I5>. Formal port size is 32-bit while actual signal size is 8-bit.
WARNING:HDLCompiler:189 - "C:\Users\Anna\Desktop\Comp Org\Labs\Org02_20200218\Org02_20200218\TANGANNAYONGQI3180300155_02\Multi_8CH32_IO.v" Line 60: Size mismatch in connection of port <I6>. Formal port size is 32-bit while actual signal size is 8-bit.
WARNING:HDLCompiler:189 - "C:\Users\Anna\Desktop\Comp Org\Labs\Org02_20200218\Org02_20200218\TANGANNAYONGQI3180300155_02\Multi_8CH32_IO.v" Line 61: Size mismatch in connection of port <I7>. Formal port size is 32-bit while actual signal size is 8-bit.
WARNING:HDLCompiler:189 - "C:\Users\Anna\Desktop\Comp Org\Labs\Org02_20200218\Org02_20200218\TANGANNAYONGQI3180300155_02\Multi_8CH32_IO.v" Line 63: Size mismatch in connection of port <o>. Formal port size is 32-bit while actual signal size is 8-bit.
WARNING:HDLCompiler:189 - "C:\Users\Anna\Desktop\Comp Org\Labs\Org02_20200218\Org02_20200218\TANGANNAYONGQI3180300155_02\Multi_8CH32_IO.v" Line 66: Size mismatch in connection of port <I0>. Formal port size is 32-bit while actual signal size is 8-bit.
WARNING:HDLCompiler:189 - "C:\Users\Anna\Desktop\Comp Org\Labs\Org02_20200218\Org02_20200218\TANGANNAYONGQI3180300155_02\Multi_8CH32_IO.v" Line 67: Size mismatch in connection of port <I1>. Formal port size is 32-bit while actual signal size is 8-bit.
WARNING:HDLCompiler:189 - "C:\Users\Anna\Desktop\Comp Org\Labs\Org02_20200218\Org02_20200218\TANGANNAYONGQI3180300155_02\Multi_8CH32_IO.v" Line 68: Size mismatch in connection of port <I2>. Formal port size is 32-bit while actual signal size is 8-bit.
WARNING:HDLCompiler:189 - "C:\Users\Anna\Desktop\Comp Org\Labs\Org02_20200218\Org02_20200218\TANGANNAYONGQI3180300155_02\Multi_8CH32_IO.v" Line 69: Size mismatch in connection of port <I3>. Formal port size is 32-bit while actual signal size is 8-bit.
WARNING:HDLCompiler:189 - "C:\Users\Anna\Desktop\Comp Org\Labs\Org02_20200218\Org02_20200218\TANGANNAYONGQI3180300155_02\Multi_8CH32_IO.v" Line 70: Size mismatch in connection of port <I4>. Formal port size is 32-bit while actual signal size is 8-bit.
WARNING:HDLCompiler:189 - "C:\Users\Anna\Desktop\Comp Org\Labs\Org02_20200218\Org02_20200218\TANGANNAYONGQI3180300155_02\Multi_8CH32_IO.v" Line 71: Size mismatch in connection of port <I5>. Formal port size is 32-bit while actual signal size is 8-bit.
WARNING:HDLCompiler:189 - "C:\Users\Anna\Desktop\Comp Org\Labs\Org02_20200218\Org02_20200218\TANGANNAYONGQI3180300155_02\Multi_8CH32_IO.v" Line 72: Size mismatch in connection of port <I6>. Formal port size is 32-bit while actual signal size is 8-bit.
WARNING:HDLCompiler:189 - "C:\Users\Anna\Desktop\Comp Org\Labs\Org02_20200218\Org02_20200218\TANGANNAYONGQI3180300155_02\Multi_8CH32_IO.v" Line 73: Size mismatch in connection of port <I7>. Formal port size is 32-bit while actual signal size is 8-bit.
WARNING:HDLCompiler:189 - "C:\Users\Anna\Desktop\Comp Org\Labs\Org02_20200218\Org02_20200218\TANGANNAYONGQI3180300155_02\Multi_8CH32_IO.v" Line 75: Size mismatch in connection of port <o>. Formal port size is 32-bit while actual signal size is 8-bit.

Elaborating module <SSeg7_Dev>.

Elaborating module <MUX2T1_64>.

Elaborating module <P2S>.
WARNING:HDLCompiler:1499 - "C:\Users\Anna\Desktop\Comp Org\Labs\Org03_20200218\Org03_20200218\TANGANNAYONGQI3180300155_03\P2S_IO.v" Line 21: Empty module <P2S> remains a black box.

Elaborating module <HexTo8SEG>.

Elaborating module <Hex2Seg>.

Elaborating module <MC14495_ZJU>.

Elaborating module <INV>.

Elaborating module <AND4>.

Elaborating module <OR4>.

Elaborating module <AND3>.

Elaborating module <OR3>.

Elaborating module <AND2>.

Elaborating module <OR2>.

Elaborating module <SSeg_map>.

Elaborating module <SPIO>.

Elaborating module <LED_P2S>.
WARNING:HDLCompiler:1499 - "C:\Users\Anna\Desktop\Comp Org\Labs\Org03_20200218\Org03_20200218\TANGANNAYONGQI3180300155_03\LED_P2S_IO.v" Line 21: Empty module <LED_P2S> remains a black box.
WARNING:HDLCompiler:1127 - "C:\Users\Anna\Desktop\Comp Org\Labs\Org03_20200218\Org03_20200218\TANGANNAYONGQI3180300155_03\topMod.vf" Line 196: Assignment to XLXN_76 ignored, since the identifier is never used

Elaborating module <clk_div>.

Elaborating module <SAnti_jitter>.
WARNING:HDLCompiler:1499 - "C:\Users\Anna\Desktop\Comp Org\Labs\Org02_20200218\Org02_20200218\TANGANNAYONGQI3180300155_02\SAnti_jitter_IO.v" Line 21: Empty module <SAnti_jitter> remains a black box.
WARNING:HDLCompiler:1127 - "C:\Users\Anna\Desktop\Comp Org\Labs\Org03_20200218\Org03_20200218\TANGANNAYONGQI3180300155_03\topMod.vf" Line 217: Assignment to Pulse ignored, since the identifier is never used

Elaborating module <Counter_x>.
WARNING:HDLCompiler:1127 - "C:\Users\Anna\Desktop\Comp Org\Labs\Org03_20200218\Org03_20200218\TANGANNAYONGQI3180300155_03\Counter_3_IO.v" Line 43: Assignment to M2 ignored, since the identifier is never used
WARNING:HDLCompiler:634 - "C:\Users\Anna\Desktop\Comp Org\Labs\Org03_20200218\Org03_20200218\TANGANNAYONGQI3180300155_03\Counter_3_IO.v" Line 36: Net <counter1[32]> does not have a driver.

Elaborating module <Seg7_Dev>.

Elaborating module <MC14495_ZJU_MUSER_Seg7_Dev>.

Elaborating module <MUX2T1_8>.

Elaborating module <ScanSync>.

Elaborating module <Seg_map>.

Elaborating module <PIO>.
WARNING:HDLCompiler:1499 - "C:\Users\Anna\Desktop\Comp Org\Labs\Org03_20200218\Org03_20200218\TANGANNAYONGQI3180300155_03\PIO_IO.v" Line 21: Empty module <PIO> remains a black box.
WARNING:HDLCompiler:1127 - "C:\Users\Anna\Desktop\Comp Org\Labs\Org03_20200218\Org03_20200218\TANGANNAYONGQI3180300155_03\topMod.vf" Line 244: Assignment to XLXN_132 ignored, since the identifier is never used
WARNING:HDLCompiler:1127 - "C:\Users\Anna\Desktop\Comp Org\Labs\Org03_20200218\Org03_20200218\TANGANNAYONGQI3180300155_03\topMod.vf" Line 245: Assignment to XLXN_134 ignored, since the identifier is never used

Elaborating module <VCC>.

Elaborating module <GND>.

Elaborating module <BUF>.
WARNING:HDLCompiler:634 - "C:\Users\Anna\Desktop\Comp Org\Labs\Org03_20200218\Org03_20200218\TANGANNAYONGQI3180300155_03\topMod.vf" Line 78: Net <inst[31]> does not have a driver.
WARNING:HDLCompiler:634 - "C:\Users\Anna\Desktop\Comp Org\Labs\Org03_20200218\Org03_20200218\TANGANNAYONGQI3180300155_03\topMod.vf" Line 87: Net <rst> does not have a driver.
WARNING:HDLCompiler:634 - "C:\Users\Anna\Desktop\Comp Org\Labs\Org03_20200218\Org03_20200218\TANGANNAYONGQI3180300155_03\topMod.vf" Line 94: Net <XLXN_68[63]> does not have a driver.
WARNING:HDLCompiler:552 - "C:\Users\Anna\Desktop\Comp Org\Labs\Org03_20200218\Org03_20200218\TANGANNAYONGQI3180300155_03\topMod.vf" Line 122: Input port MIO_ready is not connected on this instance

=========================================================================
*                           HDL Synthesis                               *
=========================================================================

Synthesizing Unit <topMod>.
    Related source file is "C:\Users\Anna\Desktop\Comp Org\Labs\Org03_20200218\Org03_20200218\TANGANNAYONGQI3180300155_03\topMod.vf".
INFO:Xst:3210 - "C:\Users\Anna\Desktop\Comp Org\Labs\Org03_20200218\Org03_20200218\TANGANNAYONGQI3180300155_03\topMod.vf" line 113: Output port <Bi> of the instance <M4> is unconnected or connected to loadless signal.
INFO:Xst:3210 - "C:\Users\Anna\Desktop\Comp Org\Labs\Org03_20200218\Org03_20200218\TANGANNAYONGQI3180300155_03\topMod.vf" line 113: Output port <blink> of the instance <M4> is unconnected or connected to loadless signal.
INFO:Xst:3210 - "C:\Users\Anna\Desktop\Comp Org\Labs\Org03_20200218\Org03_20200218\TANGANNAYONGQI3180300155_03\topMod.vf" line 122: Output port <CPU_MIO> of the instance <U1> is unconnected or connected to loadless signal.
INFO:Xst:3210 - "C:\Users\Anna\Desktop\Comp Org\Labs\Org03_20200218\Org03_20200218\TANGANNAYONGQI3180300155_03\topMod.vf" line 190: Output port <GPIOf0> of the instance <U7> is unconnected or connected to loadless signal.
INFO:Xst:3210 - "C:\Users\Anna\Desktop\Comp Org\Labs\Org03_20200218\Org03_20200218\TANGANNAYONGQI3180300155_03\topMod.vf" line 207: Output port <pulse_out> of the instance <U9> is unconnected or connected to loadless signal.
INFO:Xst:3210 - "C:\Users\Anna\Desktop\Comp Org\Labs\Org03_20200218\Org03_20200218\TANGANNAYONGQI3180300155_03\topMod.vf" line 240: Output port <counter_set> of the instance <U71> is unconnected or connected to loadless signal.
INFO:Xst:3210 - "C:\Users\Anna\Desktop\Comp Org\Labs\Org03_20200218\Org03_20200218\TANGANNAYONGQI3180300155_03\topMod.vf" line 240: Output port <GPIOf0> of the instance <U71> is unconnected or connected to loadless signal.
WARNING:Xst:653 - Signal <inst> is used but never assigned. This sourceless signal will be automatically connected to value GND.
WARNING:Xst:653 - Signal <XLXN_68> is used but never assigned. This sourceless signal will be automatically connected to value GND.
WARNING:Xst:653 - Signal <rst> is used but never assigned. This sourceless signal will be automatically connected to value GND.
    Summary:
	no macro.
Unit <topMod> synthesized.

Synthesizing Unit <Multi_8CH32>.
    Related source file is "C:\Users\Anna\Desktop\Comp Org\Labs\Org02_20200218\Org02_20200218\TANGANNAYONGQI3180300155_02\Multi_8CH32_IO.v".
WARNING:Xst:647 - Input <rst> is never used. This port will be preserved and left unconnected if it belongs to a top-level block or it belongs to a sub-block and the hierarchy of this sub-block is preserved.
    Found 8-bit register for signal <cpu_blink>.
    Found 8-bit register for signal <cpu_point>.
    Found 32-bit register for signal <disp_data>.
    Summary:
	inferred  48 D-type flip-flop(s).
Unit <Multi_8CH32> synthesized.

Synthesizing Unit <MUX8T1_32>.
    Related source file is "C:\Users\Anna\Desktop\Comp Org\Labs\Org03_20200218\Org03_20200218\TANGANNAYONGQI3180300155_03\MUX8T1_32.v".
    Found 32-bit 8-to-1 multiplexer for signal <o> created at line 35.
    Summary:
	inferred   1 Multiplexer(s).
Unit <MUX8T1_32> synthesized.

Synthesizing Unit <SSeg7_Dev>.
    Related source file is "C:\Users\Anna\Desktop\Comp Org\Labs\Org03_20200218\Org03_20200218\TANGANNAYONGQI3180300155_03\SSeg7_Dev.vf".
    Summary:
	no macro.
Unit <SSeg7_Dev> synthesized.

Synthesizing Unit <MUX2T1_64>.
    Related source file is "C:\Users\Anna\Desktop\Comp Org\Labs\Org03_20200218\Org03_20200218\TANGANNAYONGQI3180300155_03\MUX2T1_64.v".
    Summary:
	inferred   1 Multiplexer(s).
Unit <MUX2T1_64> synthesized.

Synthesizing Unit <HexTo8SEG>.
    Related source file is "C:\Users\Anna\Desktop\Comp Org\Labs\Org03_20200218\Org03_20200218\TANGANNAYONGQI3180300155_03\HexTo8SEG.v".
    Summary:
	no macro.
Unit <HexTo8SEG> synthesized.

Synthesizing Unit <Hex2Seg>.
    Related source file is "C:\Users\Anna\Desktop\Comp Org\Labs\Org03_20200218\Org03_20200218\TANGANNAYONGQI3180300155_03\HexTo8SEG.v".
    Summary:
	no macro.
Unit <Hex2Seg> synthesized.

Synthesizing Unit <MC14495_ZJU>.
    Related source file is "C:\Users\Anna\Desktop\Comp Org\Labs\Org03_20200218\Org03_20200218\TANGANNAYONGQI3180300155_03\MC14495_ZJU.vf".
    Summary:
	no macro.
Unit <MC14495_ZJU> synthesized.

Synthesizing Unit <SSeg_map>.
    Related source file is "C:\Users\Anna\Desktop\Comp Org\Labs\Org03_20200218\Org03_20200218\TANGANNAYONGQI3180300155_03\SSeg_map_io.v".
WARNING:Xst:647 - Input <Disp_num<63:32>> is never used. This port will be preserved and left unconnected if it belongs to a top-level block or it belongs to a sub-block and the hierarchy of this sub-block is preserved.
    Summary:
	no macro.
Unit <SSeg_map> synthesized.

Synthesizing Unit <SPIO>.
    Related source file is "C:\Users\Anna\Desktop\Comp Org\Labs\Org03_20200218\Org03_20200218\TANGANNAYONGQI3180300155_03\SPIO_IO.v".
    Found 2-bit register for signal <counter_set>.
    Found 16-bit register for signal <LED>.
    Found 14-bit register for signal <GPIOf0>.
    Summary:
	inferred  32 D-type flip-flop(s).
Unit <SPIO> synthesized.

Synthesizing Unit <clk_div>.
    Related source file is "C:\Users\Anna\Desktop\Comp Org\Labs\Org03_20200218\Org03_20200218\TANGANNAYONGQI3180300155_03\clk_div.v".
    Found 32-bit register for signal <clkdiv>.
    Found 32-bit adder for signal <clkdiv[31]_GND_26_o_add_0_OUT> created at line 32.
    Summary:
	inferred   1 Adder/Subtractor(s).
	inferred  32 D-type flip-flop(s).
	inferred   1 Multiplexer(s).
Unit <clk_div> synthesized.

Synthesizing Unit <Counter_x>.
    Related source file is "C:\Users\Anna\Desktop\Comp Org\Labs\Org03_20200218\Org03_20200218\TANGANNAYONGQI3180300155_03\Counter_3_IO.v".
WARNING:Xst:647 - Input <clk1> is never used. This port will be preserved and left unconnected if it belongs to a top-level block or it belongs to a sub-block and the hierarchy of this sub-block is preserved.
WARNING:Xst:647 - Input <clk2> is never used. This port will be preserved and left unconnected if it belongs to a top-level block or it belongs to a sub-block and the hierarchy of this sub-block is preserved.
WARNING:Xst:653 - Signal <counter1<32>> is used but never assigned. This sourceless signal will be automatically connected to value GND.
WARNING:Xst:653 - Signal <counter2<32>> is used but never assigned. This sourceless signal will be automatically connected to value GND.
    Found 24-bit register for signal <counter_Ctrl>.
    Found 33-bit register for signal <counter0>.
    Found 32-bit register for signal <counter0_Lock>.
    Found 1-bit register for signal <sq0>.
    Found 1-bit register for signal <M0>.
    Found 1-bit register for signal <clr0>.
    Found 33-bit subtractor for signal <counter0[32]_GND_28_o_sub_26_OUT> created at line 77.
    Found 33-bit 4-to-1 multiplexer for signal <counter_Ctrl[2]_counter0[32]_wide_mux_26_OUT> created at line 70.
    Found 1-bit comparator not equal for signal <n0017> created at line 76
    Summary:
	inferred   1 Adder/Subtractor(s).
	inferred  92 D-type flip-flop(s).
	inferred   1 Comparator(s).
	inferred   5 Multiplexer(s).
Unit <Counter_x> synthesized.

Synthesizing Unit <Seg7_Dev>.
    Related source file is "C:\Users\Anna\Desktop\Comp Org\Labs\Org03_20200218\Org03_20200218\TANGANNAYONGQI3180300155_03\Seg7_Dev.vf".
    Summary:
	no macro.
Unit <Seg7_Dev> synthesized.

Synthesizing Unit <MC14495_ZJU_MUSER_Seg7_Dev>.
    Related source file is "C:\Users\Anna\Desktop\Comp Org\Labs\Org03_20200218\Org03_20200218\TANGANNAYONGQI3180300155_03\Seg7_Dev.vf".
    Summary:
	no macro.
Unit <MC14495_ZJU_MUSER_Seg7_Dev> synthesized.

Synthesizing Unit <MUX2T1_8>.
    Related source file is "C:\Users\Anna\Desktop\Comp Org\Labs\Org03_20200218\Org03_20200218\TANGANNAYONGQI3180300155_03\MUX2T1_8.v".
    Summary:
	inferred   1 Multiplexer(s).
Unit <MUX2T1_8> synthesized.

Synthesizing Unit <ScanSync>.
    Related source file is "C:\Users\Anna\Desktop\Comp Org\Labs\Org03_20200218\Org03_20200218\TANGANNAYONGQI3180300155_03\Scansync.v".
WARNING:Xst:647 - Input <Hexs<31:4>> is never used. This port will be preserved and left unconnected if it belongs to a top-level block or it belongs to a sub-block and the hierarchy of this sub-block is preserved.
WARNING:Xst:647 - Input <point<7:1>> is never used. This port will be preserved and left unconnected if it belongs to a top-level block or it belongs to a sub-block and the hierarchy of this sub-block is preserved.
WARNING:Xst:647 - Input <LES<7:1>> is never used. This port will be preserved and left unconnected if it belongs to a top-level block or it belongs to a sub-block and the hierarchy of this sub-block is preserved.
WARNING:Xst:737 - Found 1-bit latch for signal <Hexo<2>>. Latches may be generated from incomplete case or if statements. We do not recommend the use of latches in FPGA/CPLD designs, as they may lead to timing problems.
WARNING:Xst:737 - Found 1-bit latch for signal <Hexo<1>>. Latches may be generated from incomplete case or if statements. We do not recommend the use of latches in FPGA/CPLD designs, as they may lead to timing problems.
WARNING:Xst:737 - Found 1-bit latch for signal <Hexo<0>>. Latches may be generated from incomplete case or if statements. We do not recommend the use of latches in FPGA/CPLD designs, as they may lead to timing problems.
WARNING:Xst:737 - Found 1-bit latch for signal <AN<3>>. Latches may be generated from incomplete case or if statements. We do not recommend the use of latches in FPGA/CPLD designs, as they may lead to timing problems.
WARNING:Xst:737 - Found 1-bit latch for signal <AN<0>>. Latches may be generated from incomplete case or if statements. We do not recommend the use of latches in FPGA/CPLD designs, as they may lead to timing problems.
WARNING:Xst:737 - Found 1-bit latch for signal <p>. Latches may be generated from incomplete case or if statements. We do not recommend the use of latches in FPGA/CPLD designs, as they may lead to timing problems.
WARNING:Xst:737 - Found 1-bit latch for signal <LE>. Latches may be generated from incomplete case or if statements. We do not recommend the use of latches in FPGA/CPLD designs, as they may lead to timing problems.
WARNING:Xst:737 - Found 1-bit latch for signal <Hexo<3>>. Latches may be generated from incomplete case or if statements. We do not recommend the use of latches in FPGA/CPLD designs, as they may lead to timing problems.
    Summary:
	inferred   8 Latch(s).
Unit <ScanSync> synthesized.

Synthesizing Unit <Seg_map>.
    Related source file is "C:\Users\Anna\Desktop\Comp Org\Labs\Org03_20200218\Org03_20200218\TANGANNAYONGQI3180300155_03\Seg_map.v".
WARNING:Xst:647 - Input <Hexs<3:1>> is never used. This port will be preserved and left unconnected if it belongs to a top-level block or it belongs to a sub-block and the hierarchy of this sub-block is preserved.
WARNING:Xst:647 - Input <Hexs<11:6>> is never used. This port will be preserved and left unconnected if it belongs to a top-level block or it belongs to a sub-block and the hierarchy of this sub-block is preserved.
WARNING:Xst:647 - Input <Hexs<15:13>> is never used. This port will be preserved and left unconnected if it belongs to a top-level block or it belongs to a sub-block and the hierarchy of this sub-block is preserved.
WARNING:Xst:647 - Input <Hexs<23:18>> is never used. This port will be preserved and left unconnected if it belongs to a top-level block or it belongs to a sub-block and the hierarchy of this sub-block is preserved.
WARNING:Xst:647 - Input <Hexs<31:26>> is never used. This port will be preserved and left unconnected if it belongs to a top-level block or it belongs to a sub-block and the hierarchy of this sub-block is preserved.
WARNING:Xst:737 - Found 1-bit latch for signal <Seg_map<6>>. Latches may be generated from incomplete case or if statements. We do not recommend the use of latches in FPGA/CPLD designs, as they may lead to timing problems.
WARNING:Xst:737 - Found 1-bit latch for signal <Seg_map<5>>. Latches may be generated from incomplete case or if statements. We do not recommend the use of latches in FPGA/CPLD designs, as they may lead to timing problems.
WARNING:Xst:737 - Found 1-bit latch for signal <Seg_map<4>>. Latches may be generated from incomplete case or if statements. We do not recommend the use of latches in FPGA/CPLD designs, as they may lead to timing problems.
WARNING:Xst:737 - Found 1-bit latch for signal <Seg_map<3>>. Latches may be generated from incomplete case or if statements. We do not recommend the use of latches in FPGA/CPLD designs, as they may lead to timing problems.
WARNING:Xst:737 - Found 1-bit latch for signal <Seg_map<2>>. Latches may be generated from incomplete case or if statements. We do not recommend the use of latches in FPGA/CPLD designs, as they may lead to timing problems.
WARNING:Xst:737 - Found 1-bit latch for signal <Seg_map<1>>. Latches may be generated from incomplete case or if statements. We do not recommend the use of latches in FPGA/CPLD designs, as they may lead to timing problems.
WARNING:Xst:737 - Found 1-bit latch for signal <Seg_map<0>>. Latches may be generated from incomplete case or if statements. We do not recommend the use of latches in FPGA/CPLD designs, as they may lead to timing problems.
WARNING:Xst:737 - Found 1-bit latch for signal <Seg_map<7>>. Latches may be generated from incomplete case or if statements. We do not recommend the use of latches in FPGA/CPLD designs, as they may lead to timing problems.
    Summary:
	inferred   8 Latch(s).
Unit <Seg_map> synthesized.

=========================================================================
HDL Synthesis Report

Macro Statistics
# Adders/Subtractors                                   : 2
 32-bit adder                                          : 1
 33-bit subtractor                                     : 1
# Registers                                            : 13
 1-bit register                                        : 3
 14-bit register                                       : 1
 16-bit register                                       : 1
 2-bit register                                        : 1
 24-bit register                                       : 1
 32-bit register                                       : 3
 33-bit register                                       : 1
 8-bit register                                        : 2
# Latches                                              : 16
 1-bit latch                                           : 16
# Comparators                                          : 1
 1-bit comparator not equal                            : 1
# Multiplexers                                         : 11
 1-bit 2-to-1 multiplexer                              : 1
 32-bit 8-to-1 multiplexer                             : 3
 33-bit 2-to-1 multiplexer                             : 4
 33-bit 4-to-1 multiplexer                             : 1
 64-bit 2-to-1 multiplexer                             : 1
 8-bit 2-to-1 multiplexer                              : 1

=========================================================================

=========================================================================
*                       Advanced HDL Synthesis                          *
=========================================================================

Reading core <SAnti_jitter.ngc>.
Reading core <SEnter_2_32.ngc>.
Reading core <MIO_BUS.ngc>.
Reading core <PIO.ngc>.
Reading core <SCPU.ngc>.
Reading core <ipcore_dir/RAM_B.ngc>.
Reading core <ipcore_dir/ROM_D.ngc>.
Reading core <P2S.ngc>.
Reading core <LED_P2S.ngc>.
Loading core <SAnti_jitter> for timing and area information for instance <U9>.
Loading core <SEnter_2_32> for timing and area information for instance <M4>.
Loading core <MIO_BUS> for timing and area information for instance <U4>.
Loading core <PIO> for timing and area information for instance <U71>.
Loading core <SCPU> for timing and area information for instance <U1>.
Loading core <RAM_B> for timing and area information for instance <U3>.
Loading core <ROM_D> for timing and area information for instance <U2>.
Loading core <P2S> for timing and area information for instance <M2>.
Loading core <LED_P2S> for timing and area information for instance <LED_P2S>.
WARNING:Xst:1710 - FF/Latch <AN_3> (without init value) has a constant value of 1 in block <M2>. This FF/Latch will be trimmed during the optimization process.
WARNING:Xst:1710 - FF/Latch <AN_0> (without init value) has a constant value of 0 in block <M2>. This FF/Latch will be trimmed during the optimization process.
WARNING:Xst:2677 - Node <counter_Ctrl_0> of sequential type is unconnected in block <U10>.
WARNING:Xst:2677 - Node <counter_Ctrl_3> of sequential type is unconnected in block <U10>.
WARNING:Xst:2677 - Node <counter_Ctrl_4> of sequential type is unconnected in block <U10>.
WARNING:Xst:2677 - Node <counter_Ctrl_5> of sequential type is unconnected in block <U10>.
WARNING:Xst:2677 - Node <counter_Ctrl_6> of sequential type is unconnected in block <U10>.
WARNING:Xst:2677 - Node <counter_Ctrl_7> of sequential type is unconnected in block <U10>.
WARNING:Xst:2677 - Node <counter_Ctrl_8> of sequential type is unconnected in block <U10>.
WARNING:Xst:2677 - Node <counter_Ctrl_9> of sequential type is unconnected in block <U10>.
WARNING:Xst:2677 - Node <counter_Ctrl_10> of sequential type is unconnected in block <U10>.
WARNING:Xst:2677 - Node <counter_Ctrl_11> of sequential type is unconnected in block <U10>.
WARNING:Xst:2677 - Node <counter_Ctrl_12> of sequential type is unconnected in block <U10>.
WARNING:Xst:2677 - Node <counter_Ctrl_13> of sequential type is unconnected in block <U10>.
WARNING:Xst:2677 - Node <counter_Ctrl_14> of sequential type is unconnected in block <U10>.
WARNING:Xst:2677 - Node <counter_Ctrl_15> of sequential type is unconnected in block <U10>.
WARNING:Xst:2677 - Node <counter_Ctrl_16> of sequential type is unconnected in block <U10>.
WARNING:Xst:2677 - Node <counter_Ctrl_17> of sequential type is unconnected in block <U10>.
WARNING:Xst:2677 - Node <counter_Ctrl_18> of sequential type is unconnected in block <U10>.
WARNING:Xst:2677 - Node <counter_Ctrl_19> of sequential type is unconnected in block <U10>.
WARNING:Xst:2677 - Node <counter_Ctrl_20> of sequential type is unconnected in block <U10>.
WARNING:Xst:2677 - Node <counter_Ctrl_21> of sequential type is unconnected in block <U10>.
WARNING:Xst:2677 - Node <counter_Ctrl_22> of sequential type is unconnected in block <U10>.
WARNING:Xst:2677 - Node <counter_Ctrl_23> of sequential type is unconnected in block <U10>.

Synthesizing (advanced) Unit <clk_div>.
The following registers are absorbed into counter <clkdiv>: 1 register on signal <clkdiv>.
Unit <clk_div> synthesized (advanced).
WARNING:Xst:2677 - Node <counter_Ctrl_0> of sequential type is unconnected in block <Counter_x>.
WARNING:Xst:2677 - Node <counter_Ctrl_3> of sequential type is unconnected in block <Counter_x>.
WARNING:Xst:2677 - Node <counter_Ctrl_4> of sequential type is unconnected in block <Counter_x>.
WARNING:Xst:2677 - Node <counter_Ctrl_5> of sequential type is unconnected in block <Counter_x>.
WARNING:Xst:2677 - Node <counter_Ctrl_6> of sequential type is unconnected in block <Counter_x>.
WARNING:Xst:2677 - Node <counter_Ctrl_7> of sequential type is unconnected in block <Counter_x>.
WARNING:Xst:2677 - Node <counter_Ctrl_8> of sequential type is unconnected in block <Counter_x>.
WARNING:Xst:2677 - Node <counter_Ctrl_9> of sequential type is unconnected in block <Counter_x>.
WARNING:Xst:2677 - Node <counter_Ctrl_10> of sequential type is unconnected in block <Counter_x>.
WARNING:Xst:2677 - Node <counter_Ctrl_11> of sequential type is unconnected in block <Counter_x>.
WARNING:Xst:2677 - Node <counter_Ctrl_12> of sequential type is unconnected in block <Counter_x>.
WARNING:Xst:2677 - Node <counter_Ctrl_13> of sequential type is unconnected in block <Counter_x>.
WARNING:Xst:2677 - Node <counter_Ctrl_14> of sequential type is unconnected in block <Counter_x>.
WARNING:Xst:2677 - Node <counter_Ctrl_15> of sequential type is unconnected in block <Counter_x>.
WARNING:Xst:2677 - Node <counter_Ctrl_16> of sequential type is unconnected in block <Counter_x>.
WARNING:Xst:2677 - Node <counter_Ctrl_17> of sequential type is unconnected in block <Counter_x>.
WARNING:Xst:2677 - Node <counter_Ctrl_18> of sequential type is unconnected in block <Counter_x>.
WARNING:Xst:2677 - Node <counter_Ctrl_19> of sequential type is unconnected in block <Counter_x>.
WARNING:Xst:2677 - Node <counter_Ctrl_20> of sequential type is unconnected in block <Counter_x>.
WARNING:Xst:2677 - Node <counter_Ctrl_21> of sequential type is unconnected in block <Counter_x>.
WARNING:Xst:2677 - Node <counter_Ctrl_22> of sequential type is unconnected in block <Counter_x>.
WARNING:Xst:2677 - Node <counter_Ctrl_23> of sequential type is unconnected in block <Counter_x>.

=========================================================================
Advanced HDL Synthesis Report

Macro Statistics
# Adders/Subtractors                                   : 1
 33-bit subtractor                                     : 1
# Counters                                             : 1
 32-bit up counter                                     : 1
# Registers                                            : 150
 Flip-Flops                                            : 150
# Comparators                                          : 1
 1-bit comparator not equal                            : 1
# Multiplexers                                         : 74
 1-bit 2-to-1 multiplexer                              : 66
 32-bit 8-to-1 multiplexer                             : 3
 33-bit 2-to-1 multiplexer                             : 2
 33-bit 4-to-1 multiplexer                             : 1
 64-bit 2-to-1 multiplexer                             : 1
 8-bit 2-to-1 multiplexer                              : 1

=========================================================================

=========================================================================
*                         Low Level Synthesis                           *
=========================================================================
WARNING:Xst:1710 - FF/Latch <AN_3> (without init value) has a constant value of 1 in block <ScanSync>. This FF/Latch will be trimmed during the optimization process.
WARNING:Xst:1710 - FF/Latch <AN_0> (without init value) has a constant value of 0 in block <ScanSync>. This FF/Latch will be trimmed during the optimization process.

Optimizing unit <MC14495_ZJU> ...

Optimizing unit <MC14495_ZJU_MUSER_Seg7_Dev> ...

Optimizing unit <topMod> ...

Optimizing unit <HexTo8SEG> ...

Optimizing unit <Multi_8CH32> ...

Optimizing unit <SPIO> ...

Optimizing unit <Counter_x> ...

Optimizing unit <Seg_map> ...
WARNING:Xst:2677 - Node <U7/GPIOf0_13> of sequential type is unconnected in block <topMod>.
WARNING:Xst:2677 - Node <U7/GPIOf0_12> of sequential type is unconnected in block <topMod>.
WARNING:Xst:2677 - Node <U7/GPIOf0_11> of sequential type is unconnected in block <topMod>.
WARNING:Xst:2677 - Node <U7/GPIOf0_10> of sequential type is unconnected in block <topMod>.
WARNING:Xst:2677 - Node <U7/GPIOf0_9> of sequential type is unconnected in block <topMod>.
WARNING:Xst:2677 - Node <U7/GPIOf0_8> of sequential type is unconnected in block <topMod>.
WARNING:Xst:2677 - Node <U7/GPIOf0_7> of sequential type is unconnected in block <topMod>.
WARNING:Xst:2677 - Node <U7/GPIOf0_6> of sequential type is unconnected in block <topMod>.
WARNING:Xst:2677 - Node <U7/GPIOf0_5> of sequential type is unconnected in block <topMod>.
WARNING:Xst:2677 - Node <U7/GPIOf0_4> of sequential type is unconnected in block <topMod>.
WARNING:Xst:2677 - Node <U7/GPIOf0_3> of sequential type is unconnected in block <topMod>.
WARNING:Xst:2677 - Node <U7/GPIOf0_2> of sequential type is unconnected in block <topMod>.
WARNING:Xst:2677 - Node <U7/GPIOf0_1> of sequential type is unconnected in block <topMod>.
WARNING:Xst:2677 - Node <U7/GPIOf0_0> of sequential type is unconnected in block <topMod>.
INFO:Xst:2261 - The FF/Latch <U5/cpu_blink_7> in Unit <topMod> is equivalent to the following 7 FFs/Latches, which will be removed : <U5/cpu_blink_6> <U5/cpu_blink_5> <U5/cpu_blink_4> <U5/cpu_blink_3> <U5/cpu_blink_2> <U5/cpu_blink_1> <U5/cpu_blink_0> 

Mapping all equations...
Building and optimizing final netlist ...
INFO:Xst:2261 - The FF/Latch <U61/M2/Hexo_0> in Unit <topMod> is equivalent to the following FF/Latch, which will be removed : <U61/M3/Seg_map_0> 
Found area constraint ratio of 100 (+ 5) on block topMod, actual ratio is 2.

Final Macro Processing ...

=========================================================================
Final Register Report

Macro Statistics
# Registers                                            : 161
 Flip-Flops                                            : 161

=========================================================================

=========================================================================
*                           Partition Report                            *
=========================================================================

Partition Implementation Status
-------------------------------

  No Partitions were found in this design.

-------------------------------

=========================================================================
*                            Design Summary                             *
=========================================================================

Top Level Output File Name         : topMod.ngc

Primitive and Black Box Usage:
------------------------------
# BELS                             : 3999
#      AND2                        : 11
#      AND3                        : 99
#      AND4                        : 81
#      BUF                         : 1
#      GND                         : 5
#      INV                         : 118
#      LUT1                        : 126
#      LUT2                        : 63
#      LUT3                        : 145
#      LUT4                        : 209
#      LUT5                        : 1394
#      LUT6                        : 1125
#      MUXCY                       : 243
#      MUXF7                       : 21
#      OR2                         : 63
#      OR3                         : 27
#      OR4                         : 36
#      VCC                         : 5
#      XORCY                       : 227
# FlipFlops/Latches                : 1527
#      FD                          : 207
#      FDC                         : 109
#      FDCE                        : 1031
#      FDCE_1                      : 22
#      FDE                         : 87
#      FDE_1                       : 22
#      FDPE_1                      : 6
#      FDR                         : 1
#      FDRE                        : 29
#      LD                          : 13
# RAMS                             : 1
#      RAMB36E1                    : 1
# Clock Buffers                    : 4
#      BUFG                        : 3
#      BUFGP                       : 1
# IO Buffers                       : 58
#      IBUF                        : 21
#      OBUF                        : 37

Device utilization summary:
---------------------------

Selected Device : 7k160tffg676-2l 


Slice Logic Utilization: 
 Number of Slice Registers:            1527  out of  202800     0%  
 Number of Slice LUTs:                 3180  out of  101400     3%  
    Number used as Logic:              3180  out of  101400     3%  

Slice Logic Distribution: 
 Number of LUT Flip Flop pairs used:   3295
   Number with an unused Flip Flop:    1768  out of   3295    53%  
   Number with an unused LUT:           115  out of   3295     3%  
   Number of fully used LUT-FF pairs:  1412  out of   3295    42%  
   Number of unique control sets:        29

IO Utilization: 
 Number of IOs:                          59
 Number of bonded IOBs:                  59  out of    400    14%  

Specific Feature Utilization:
 Number of Block RAM/FIFO:                1  out of    325     0%  
    Number using Block RAM only:          1
 Number of BUFG/BUFGCTRLs:                4  out of     32    12%  

---------------------------
Partition Resource Summary:
---------------------------

  No Partitions were found in this design.

---------------------------


=========================================================================
Timing Report

NOTE: THESE TIMING NUMBERS ARE ONLY A SYNTHESIS ESTIMATE.
      FOR ACCURATE TIMING INFORMATION PLEASE REFER TO THE TRACE REPORT
      GENERATED AFTER PLACE-and-ROUTE.

Clock Information:
------------------
-----------------------------------+-------------------------+-------+
Clock Signal                       | Clock buffer(FF name)   | Load  |
-----------------------------------+-------------------------+-------+
U61/M2/_n0039(U61/M2/_n0039<2>1:O) | NONE(*)(U61/M2/LE)      | 13    |
clk_100mhz                         | BUFGP                   | 294   |
Clk_CPU(U8/Mmux_Clk_CPU11:O)       | BUFG(*)(U5/disp_data_31)| 1142  |
U8/clkdiv_6                        | BUFG                    | 35    |
U9/clk1                            | BUFG                    | 41    |
M4/push(M4/push1:O)                | NONE(*)(M4/state_0)     | 3     |
-----------------------------------+-------------------------+-------+
(*) These 3 clock signal(s) are generated by combinatorial logic,
and XST is not able to identify which are the primary clock signals.
Please use the CLOCK_SIGNAL constraint to specify the clock signal(s) generated by combinatorial logic.
INFO:Xst:2169 - HDL ADVISOR - Some clock signals were not automatically buffered by XST with BUFG/BUFR resources. Please use the buffer_type constraint in order to insert these buffers to the clock signals to help prevent skew problems.

Asynchronous Control Signals Information:
----------------------------------------
-----------------------------------+-----------------------------------------------------------------------------------------------------------------------------------------+-------+
Control Signal                     | Buffer(FF name)                                                                                                                         | Load  |
-----------------------------------+-----------------------------------------------------------------------------------------------------------------------------------------+-------+
U3/N1(U3/XST_GND:G)                | NONE(U3/U0/xst_blk_mem_generator/gnativebmg.native_blk_mem_gen/valid.cstr/ramloop[0].ram.r/v6_init.ram/NO_BMM_INFO.SP.SIMPLE_PRIM36.ram)| 2     |
-----------------------------------+-----------------------------------------------------------------------------------------------------------------------------------------+-------+

Timing Summary:
---------------
Speed Grade: -2

   Minimum period: 14.487ns (Maximum Frequency: 69.026MHz)
   Minimum input arrival time before clock: 2.109ns
   Maximum output required time after clock: 3.788ns
   Maximum combinational path delay: No path found

Timing Details:
---------------
All values displayed in nanoseconds (ns)

=========================================================================
Timing constraint: Default period analysis for Clock 'clk_100mhz'
  Clock period: 5.635ns (frequency: 177.469MHz)
  Total number of paths / destination ports: 11847 / 355
-------------------------------------------------------------------------
Delay:               5.635ns (Levels of Logic = 11)
  Source:            U9/SW_OK_15 (FF)
  Destination:       U6/M2/buffer_36 (FF)
  Source Clock:      clk_100mhz rising
  Destination Clock: clk_100mhz rising

  Data Path: U9/SW_OK_15 to U6/M2/buffer_36
                                Gate     Net
    Cell:in->out      fanout   Delay   Delay  Logical Name (Net Name)
    ----------------------------------------  ------------
     FDE:C->Q             80   0.236   0.544  SW_OK_15 (SW_OK<15>)
     end scope: 'U9:SW_OK<15>'
     begin scope: 'U4:SW<15>'
     LUT6:I4->O           32   0.043   0.480  Mmux_Cpu_data4bus71 (Cpu_data4bus<15>)
     end scope: 'U4:Cpu_data4bus<15>'
     LUT5:I4->O            3   0.043   0.417  U5/M0/Mmux_o72 (U5/M0/Mmux_o71)
     LUT3:I1->O            8   0.043   0.378  U5/M0/Mmux_o73 (Disp_num<15>)
     INV:I->O             11   0.317   0.551  U6/SM1/M3/MSEG/XLXI_1 (U6/SM1/M3/MSEG/XLXN_14)
     AND4:I3->O            2   0.161   0.500  U6/SM1/M3/MSEG/XLXI_5 (U6/SM1/M3/MSEG/XLXN_119)
     OR4:I3->O             1   0.161   0.603  U6/SM1/M3/MSEG/XLXI_29 (U6/SM1/M3/MSEG/XLXN_211)
     OR2:I1->O             1   0.053   0.405  U6/SM1/M3/MSEG/XLXI_50 (U6/XLXN_6<36>)
     LUT3:I1->O            1   0.043   0.613  U6/MUXSH2M/Mmux_o301 (U6/SEGMENT<36>)
     begin scope: 'U6/M2:P_Data<36>'
     LUT6:I0->O            1   0.043   0.000  buffer_36_rstpot (buffer_36_rstpot)
     FD:D                     -0.000          buffer_36
    ----------------------------------------
    Total                      5.635ns (1.143ns logic, 4.492ns route)
                                       (20.3% logic, 79.7% route)

=========================================================================
Timing constraint: Default period analysis for Clock 'Clk_CPU'
  Clock period: 14.487ns (frequency: 69.026MHz)
  Total number of paths / destination ports: 1182641496 / 2221
-------------------------------------------------------------------------
Delay:               7.244ns (Levels of Logic = 44)
  Source:            U1/DataPath/PC/Q_9 (FF)
  Destination:       U5/disp_data_31 (FF)
  Source Clock:      Clk_CPU rising
  Destination Clock: Clk_CPU falling

  Data Path: U1/DataPath/PC/Q_9 to U5/disp_data_31
                                Gate     Net
    Cell:in->out      fanout   Delay   Delay  Logical Name (Net Name)
    ----------------------------------------  ------------
     FDC:C->Q             58   0.236   0.630  DataPath/PC/Q_9 (PC_out<9>)
     end scope: 'U1:PC_out<9>'
     begin scope: 'U2:a<7>'
     LUT3:I0->O            1   0.043   0.613  U0/xst_options.dist_mem_inst/gen_rom.rom_inst/Mram_spo_int44116_SW0 (N10)
     LUT6:I0->O            1   0.043   0.522  U0/xst_options.dist_mem_inst/gen_rom.rom_inst/Mram_spo_int44116 (U0/xst_options.dist_mem_inst/gen_rom.rom_inst/Mram_spo_int44115)
     LUT6:I2->O          259   0.043   0.775  U0/xst_options.dist_mem_inst/gen_rom.rom_inst/Mram_spo_int441113 (spo<17>)
     end scope: 'U2:spo<17>'
     begin scope: 'U1:inst_in<17>'
     LUT5:I0->O            1   0.043   0.522  DataPath/U2/Mmux_R_addr_B[4]_register[31][31]_wide_mux_4_OUT_82 (DataPath/U2/Mmux_R_addr_B[4]_register[31][31]_wide_mux_4_OUT_82)
     LUT6:I2->O            2   0.043   0.410  DataPath/U2/Mmux_R_addr_B[4]_register[31][31]_wide_mux_4_OUT_4 (DataPath/U2/Mmux_R_addr_B[4]_register[31][31]_wide_mux_4_OUT_4)
     LUT6:I4->O            4   0.043   0.367  DataPath/MUXD3/Mmux_o110 (DataPath/XLXN_531<0>)
     LUT6:I5->O            1   0.043   0.000  DataPath/U1/ADC_32/Madd_S_Madd_lut<0> (DataPath/U1/ADC_32/Madd_S_Madd_lut<0>)
     MUXCY:S->O            1   0.238   0.000  DataPath/U1/ADC_32/Madd_S_Madd_cy<0> (DataPath/U1/ADC_32/Madd_S_Madd_cy<0>)
     MUXCY:CI->O           1   0.013   0.000  DataPath/U1/ADC_32/Madd_S_Madd_cy<1> (DataPath/U1/ADC_32/Madd_S_Madd_cy<1>)
     MUXCY:CI->O           1   0.013   0.000  DataPath/U1/ADC_32/Madd_S_Madd_cy<2> (DataPath/U1/ADC_32/Madd_S_Madd_cy<2>)
     MUXCY:CI->O           1   0.013   0.000  DataPath/U1/ADC_32/Madd_S_Madd_cy<3> (DataPath/U1/ADC_32/Madd_S_Madd_cy<3>)
     MUXCY:CI->O           1   0.013   0.000  DataPath/U1/ADC_32/Madd_S_Madd_cy<4> (DataPath/U1/ADC_32/Madd_S_Madd_cy<4>)
     MUXCY:CI->O           1   0.013   0.000  DataPath/U1/ADC_32/Madd_S_Madd_cy<5> (DataPath/U1/ADC_32/Madd_S_Madd_cy<5>)
     MUXCY:CI->O           1   0.013   0.000  DataPath/U1/ADC_32/Madd_S_Madd_cy<6> (DataPath/U1/ADC_32/Madd_S_Madd_cy<6>)
     MUXCY:CI->O           1   0.013   0.000  DataPath/U1/ADC_32/Madd_S_Madd_cy<7> (DataPath/U1/ADC_32/Madd_S_Madd_cy<7>)
     MUXCY:CI->O           1   0.013   0.000  DataPath/U1/ADC_32/Madd_S_Madd_cy<8> (DataPath/U1/ADC_32/Madd_S_Madd_cy<8>)
     MUXCY:CI->O           1   0.013   0.000  DataPath/U1/ADC_32/Madd_S_Madd_cy<9> (DataPath/U1/ADC_32/Madd_S_Madd_cy<9>)
     MUXCY:CI->O           1   0.013   0.000  DataPath/U1/ADC_32/Madd_S_Madd_cy<10> (DataPath/U1/ADC_32/Madd_S_Madd_cy<10>)
     MUXCY:CI->O           1   0.013   0.000  DataPath/U1/ADC_32/Madd_S_Madd_cy<11> (DataPath/U1/ADC_32/Madd_S_Madd_cy<11>)
     MUXCY:CI->O           1   0.013   0.000  DataPath/U1/ADC_32/Madd_S_Madd_cy<12> (DataPath/U1/ADC_32/Madd_S_Madd_cy<12>)
     MUXCY:CI->O           1   0.013   0.000  DataPath/U1/ADC_32/Madd_S_Madd_cy<13> (DataPath/U1/ADC_32/Madd_S_Madd_cy<13>)
     MUXCY:CI->O           1   0.013   0.000  DataPath/U1/ADC_32/Madd_S_Madd_cy<14> (DataPath/U1/ADC_32/Madd_S_Madd_cy<14>)
     MUXCY:CI->O           1   0.013   0.000  DataPath/U1/ADC_32/Madd_S_Madd_cy<15> (DataPath/U1/ADC_32/Madd_S_Madd_cy<15>)
     MUXCY:CI->O           1   0.013   0.000  DataPath/U1/ADC_32/Madd_S_Madd_cy<16> (DataPath/U1/ADC_32/Madd_S_Madd_cy<16>)
     MUXCY:CI->O           1   0.013   0.000  DataPath/U1/ADC_32/Madd_S_Madd_cy<17> (DataPath/U1/ADC_32/Madd_S_Madd_cy<17>)
     MUXCY:CI->O           1   0.013   0.000  DataPath/U1/ADC_32/Madd_S_Madd_cy<18> (DataPath/U1/ADC_32/Madd_S_Madd_cy<18>)
     MUXCY:CI->O           1   0.013   0.000  DataPath/U1/ADC_32/Madd_S_Madd_cy<19> (DataPath/U1/ADC_32/Madd_S_Madd_cy<19>)
     MUXCY:CI->O           1   0.013   0.000  DataPath/U1/ADC_32/Madd_S_Madd_cy<20> (DataPath/U1/ADC_32/Madd_S_Madd_cy<20>)
     MUXCY:CI->O           1   0.013   0.000  DataPath/U1/ADC_32/Madd_S_Madd_cy<21> (DataPath/U1/ADC_32/Madd_S_Madd_cy<21>)
     MUXCY:CI->O           1   0.013   0.000  DataPath/U1/ADC_32/Madd_S_Madd_cy<22> (DataPath/U1/ADC_32/Madd_S_Madd_cy<22>)
     MUXCY:CI->O           1   0.013   0.000  DataPath/U1/ADC_32/Madd_S_Madd_cy<23> (DataPath/U1/ADC_32/Madd_S_Madd_cy<23>)
     MUXCY:CI->O           1   0.013   0.000  DataPath/U1/ADC_32/Madd_S_Madd_cy<24> (DataPath/U1/ADC_32/Madd_S_Madd_cy<24>)
     MUXCY:CI->O           1   0.013   0.000  DataPath/U1/ADC_32/Madd_S_Madd_cy<25> (DataPath/U1/ADC_32/Madd_S_Madd_cy<25>)
     MUXCY:CI->O           1   0.013   0.000  DataPath/U1/ADC_32/Madd_S_Madd_cy<26> (DataPath/U1/ADC_32/Madd_S_Madd_cy<26>)
     MUXCY:CI->O           1   0.013   0.000  DataPath/U1/ADC_32/Madd_S_Madd_cy<27> (DataPath/U1/ADC_32/Madd_S_Madd_cy<27>)
     MUXCY:CI->O           1   0.013   0.000  DataPath/U1/ADC_32/Madd_S_Madd_cy<28> (DataPath/U1/ADC_32/Madd_S_Madd_cy<28>)
     MUXCY:CI->O           1   0.013   0.000  DataPath/U1/ADC_32/Madd_S_Madd_cy<29> (DataPath/U1/ADC_32/Madd_S_Madd_cy<29>)
     XORCY:CI->O           2   0.262   0.618  DataPath/U1/ADC_32/Madd_S_Madd_xor<30> (DataPath/U1/S<30>)
     LUT6:I0->O          113   0.043   0.640  DataPath/U1/MUXALU/Mmux_o242 (Addr_out<30>)
     end scope: 'U1:Addr_out<30>'
     begin scope: 'U4:addr_bus<30>'
     LUT5:I2->O           41   0.043   0.470  Mmux_GPIOe0000000_we11 (GPIOe0000000_we)
     end scope: 'U4:GPIOe0000000_we'
     FDE:CE                    0.161          U5/cpu_point_0
    ----------------------------------------
    Total                      7.244ns (1.676ns logic, 5.568ns route)
                                       (23.1% logic, 76.9% route)

=========================================================================
Timing constraint: Default period analysis for Clock 'U8/clkdiv_6'
  Clock period: 2.221ns (frequency: 450.288MHz)
  Total number of paths / destination ports: 787 / 36
-------------------------------------------------------------------------
Delay:               2.221ns (Levels of Logic = 35)
  Source:            U10/counter0_0 (FF)
  Destination:       U10/counter0_32 (FF)
  Source Clock:      U8/clkdiv_6 rising
  Destination Clock: U8/clkdiv_6 rising

  Data Path: U10/counter0_0 to U10/counter0_32
                                Gate     Net
    Cell:in->out      fanout   Delay   Delay  Logical Name (Net Name)
    ----------------------------------------  ------------
     FDC:C->Q              4   0.236   0.367  U10/counter0_0 (U10/counter0_0)
     LUT1:I0->O            1   0.043   0.000  U10/Msub_counter0[32]_GND_28_o_sub_26_OUT_cy<0>_rt (U10/Msub_counter0[32]_GND_28_o_sub_26_OUT_cy<0>_rt)
     MUXCY:S->O            1   0.238   0.000  U10/Msub_counter0[32]_GND_28_o_sub_26_OUT_cy<0> (U10/Msub_counter0[32]_GND_28_o_sub_26_OUT_cy<0>)
     MUXCY:CI->O           1   0.013   0.000  U10/Msub_counter0[32]_GND_28_o_sub_26_OUT_cy<1> (U10/Msub_counter0[32]_GND_28_o_sub_26_OUT_cy<1>)
     MUXCY:CI->O           1   0.013   0.000  U10/Msub_counter0[32]_GND_28_o_sub_26_OUT_cy<2> (U10/Msub_counter0[32]_GND_28_o_sub_26_OUT_cy<2>)
     MUXCY:CI->O           1   0.013   0.000  U10/Msub_counter0[32]_GND_28_o_sub_26_OUT_cy<3> (U10/Msub_counter0[32]_GND_28_o_sub_26_OUT_cy<3>)
     MUXCY:CI->O           1   0.013   0.000  U10/Msub_counter0[32]_GND_28_o_sub_26_OUT_cy<4> (U10/Msub_counter0[32]_GND_28_o_sub_26_OUT_cy<4>)
     MUXCY:CI->O           1   0.013   0.000  U10/Msub_counter0[32]_GND_28_o_sub_26_OUT_cy<5> (U10/Msub_counter0[32]_GND_28_o_sub_26_OUT_cy<5>)
     MUXCY:CI->O           1   0.013   0.000  U10/Msub_counter0[32]_GND_28_o_sub_26_OUT_cy<6> (U10/Msub_counter0[32]_GND_28_o_sub_26_OUT_cy<6>)
     MUXCY:CI->O           1   0.013   0.000  U10/Msub_counter0[32]_GND_28_o_sub_26_OUT_cy<7> (U10/Msub_counter0[32]_GND_28_o_sub_26_OUT_cy<7>)
     MUXCY:CI->O           1   0.013   0.000  U10/Msub_counter0[32]_GND_28_o_sub_26_OUT_cy<8> (U10/Msub_counter0[32]_GND_28_o_sub_26_OUT_cy<8>)
     MUXCY:CI->O           1   0.013   0.000  U10/Msub_counter0[32]_GND_28_o_sub_26_OUT_cy<9> (U10/Msub_counter0[32]_GND_28_o_sub_26_OUT_cy<9>)
     MUXCY:CI->O           1   0.013   0.000  U10/Msub_counter0[32]_GND_28_o_sub_26_OUT_cy<10> (U10/Msub_counter0[32]_GND_28_o_sub_26_OUT_cy<10>)
     MUXCY:CI->O           1   0.013   0.000  U10/Msub_counter0[32]_GND_28_o_sub_26_OUT_cy<11> (U10/Msub_counter0[32]_GND_28_o_sub_26_OUT_cy<11>)
     MUXCY:CI->O           1   0.013   0.000  U10/Msub_counter0[32]_GND_28_o_sub_26_OUT_cy<12> (U10/Msub_counter0[32]_GND_28_o_sub_26_OUT_cy<12>)
     MUXCY:CI->O           1   0.013   0.000  U10/Msub_counter0[32]_GND_28_o_sub_26_OUT_cy<13> (U10/Msub_counter0[32]_GND_28_o_sub_26_OUT_cy<13>)
     MUXCY:CI->O           1   0.013   0.000  U10/Msub_counter0[32]_GND_28_o_sub_26_OUT_cy<14> (U10/Msub_counter0[32]_GND_28_o_sub_26_OUT_cy<14>)
     MUXCY:CI->O           1   0.013   0.000  U10/Msub_counter0[32]_GND_28_o_sub_26_OUT_cy<15> (U10/Msub_counter0[32]_GND_28_o_sub_26_OUT_cy<15>)
     MUXCY:CI->O           1   0.013   0.000  U10/Msub_counter0[32]_GND_28_o_sub_26_OUT_cy<16> (U10/Msub_counter0[32]_GND_28_o_sub_26_OUT_cy<16>)
     MUXCY:CI->O           1   0.013   0.000  U10/Msub_counter0[32]_GND_28_o_sub_26_OUT_cy<17> (U10/Msub_counter0[32]_GND_28_o_sub_26_OUT_cy<17>)
     MUXCY:CI->O           1   0.013   0.000  U10/Msub_counter0[32]_GND_28_o_sub_26_OUT_cy<18> (U10/Msub_counter0[32]_GND_28_o_sub_26_OUT_cy<18>)
     MUXCY:CI->O           1   0.013   0.000  U10/Msub_counter0[32]_GND_28_o_sub_26_OUT_cy<19> (U10/Msub_counter0[32]_GND_28_o_sub_26_OUT_cy<19>)
     MUXCY:CI->O           1   0.013   0.000  U10/Msub_counter0[32]_GND_28_o_sub_26_OUT_cy<20> (U10/Msub_counter0[32]_GND_28_o_sub_26_OUT_cy<20>)
     MUXCY:CI->O           1   0.013   0.000  U10/Msub_counter0[32]_GND_28_o_sub_26_OUT_cy<21> (U10/Msub_counter0[32]_GND_28_o_sub_26_OUT_cy<21>)
     MUXCY:CI->O           1   0.013   0.000  U10/Msub_counter0[32]_GND_28_o_sub_26_OUT_cy<22> (U10/Msub_counter0[32]_GND_28_o_sub_26_OUT_cy<22>)
     MUXCY:CI->O           1   0.013   0.000  U10/Msub_counter0[32]_GND_28_o_sub_26_OUT_cy<23> (U10/Msub_counter0[32]_GND_28_o_sub_26_OUT_cy<23>)
     MUXCY:CI->O           1   0.013   0.000  U10/Msub_counter0[32]_GND_28_o_sub_26_OUT_cy<24> (U10/Msub_counter0[32]_GND_28_o_sub_26_OUT_cy<24>)
     MUXCY:CI->O           1   0.013   0.000  U10/Msub_counter0[32]_GND_28_o_sub_26_OUT_cy<25> (U10/Msub_counter0[32]_GND_28_o_sub_26_OUT_cy<25>)
     MUXCY:CI->O           1   0.013   0.000  U10/Msub_counter0[32]_GND_28_o_sub_26_OUT_cy<26> (U10/Msub_counter0[32]_GND_28_o_sub_26_OUT_cy<26>)
     MUXCY:CI->O           1   0.013   0.000  U10/Msub_counter0[32]_GND_28_o_sub_26_OUT_cy<27> (U10/Msub_counter0[32]_GND_28_o_sub_26_OUT_cy<27>)
     MUXCY:CI->O           1   0.013   0.000  U10/Msub_counter0[32]_GND_28_o_sub_26_OUT_cy<28> (U10/Msub_counter0[32]_GND_28_o_sub_26_OUT_cy<28>)
     MUXCY:CI->O           1   0.013   0.000  U10/Msub_counter0[32]_GND_28_o_sub_26_OUT_cy<29> (U10/Msub_counter0[32]_GND_28_o_sub_26_OUT_cy<29>)
     MUXCY:CI->O           1   0.013   0.000  U10/Msub_counter0[32]_GND_28_o_sub_26_OUT_cy<30> (U10/Msub_counter0[32]_GND_28_o_sub_26_OUT_cy<30>)
     MUXCY:CI->O           0   0.013   0.000  U10/Msub_counter0[32]_GND_28_o_sub_26_OUT_cy<31> (U10/Msub_counter0[32]_GND_28_o_sub_26_OUT_cy<31>)
     XORCY:CI->O           1   0.262   0.613  U10/Msub_counter0[32]_GND_28_o_sub_26_OUT_xor<32> (U10/counter0[32]_GND_28_o_sub_26_OUT<32>)
     LUT6:I0->O            1   0.043   0.000  U10/Mmux_counter_Ctrl[2]_counter0[32]_wide_mux_26_OUT262 (U10/counter_Ctrl[2]_counter0[32]_wide_mux_26_OUT<32>)
     FDC:D                    -0.000          U10/counter0_32
    ----------------------------------------
    Total                      2.221ns (1.240ns logic, 0.980ns route)
                                       (55.9% logic, 44.1% route)

=========================================================================
Timing constraint: Default period analysis for Clock 'U9/clk1'
  Clock period: 2.152ns (frequency: 464.587MHz)
  Total number of paths / destination ports: 1454 / 90
-------------------------------------------------------------------------
Delay:               2.152ns (Levels of Logic = 7)
  Source:            U9/counter_8 (FF)
  Destination:       U9/Key_x_0 (FF)
  Source Clock:      U9/clk1 rising
  Destination Clock: U9/clk1 rising

  Data Path: U9/counter_8 to U9/Key_x_0
                                Gate     Net
    Cell:in->out      fanout   Delay   Delay  Logical Name (Net Name)
    ----------------------------------------  ------------
     FDRE:C->Q             3   0.236   0.615  counter_8 (counter<8>)
     LUT5:I0->O            1   0.043   0.000  Mcompar_counter[31]_GND_1_o_LessThan_5_o_lut<0> (Mcompar_counter[31]_GND_1_o_LessThan_5_o_lut<0>)
     MUXCY:S->O            1   0.238   0.000  Mcompar_counter[31]_GND_1_o_LessThan_5_o_cy<0> (Mcompar_counter[31]_GND_1_o_LessThan_5_o_cy<0>)
     MUXCY:CI->O           1   0.013   0.000  Mcompar_counter[31]_GND_1_o_LessThan_5_o_cy<1> (Mcompar_counter[31]_GND_1_o_LessThan_5_o_cy<1>)
     MUXCY:CI->O           1   0.013   0.000  Mcompar_counter[31]_GND_1_o_LessThan_5_o_cy<2> (Mcompar_counter[31]_GND_1_o_LessThan_5_o_cy<2>)
     MUXCY:CI->O           1   0.013   0.000  Mcompar_counter[31]_GND_1_o_LessThan_5_o_cy<3> (Mcompar_counter[31]_GND_1_o_LessThan_5_o_cy<3>)
     MUXCY:CI->O           8   0.013   0.378  Mcompar_counter[31]_GND_1_o_LessThan_5_o_cy<4> (Mcompar_counter[31]_GND_1_o_LessThan_5_o_cy<4>)
     INV:I->O              7   0.054   0.373  _n0225_inv1_cepot_INV_0 (_n0225_inv1_cepot)
     FDE:CE                    0.161          Key_x_0
    ----------------------------------------
    Total                      2.152ns (0.786ns logic, 1.366ns route)
                                       (36.5% logic, 63.5% route)

=========================================================================
Timing constraint: Default period analysis for Clock 'M4/push'
  Clock period: 1.069ns (frequency: 935.060MHz)
  Total number of paths / destination ports: 6 / 3
-------------------------------------------------------------------------
Delay:               1.069ns (Levels of Logic = 1)
  Source:            M4/state_0 (FF)
  Destination:       M4/state_0 (FF)
  Source Clock:      M4/push rising
  Destination Clock: M4/push rising

  Data Path: M4/state_0 to M4/state_0
                                Gate     Net
    Cell:in->out      fanout   Delay   Delay  Logical Name (Net Name)
    ----------------------------------------  ------------
     FDE:C->Q             19   0.236   0.440  state_0 (state<0>)
     INV:I->O              1   0.054   0.339  Result<0>1_INV_0 (Result<0>)
     FDE:D                    -0.000          state_0
    ----------------------------------------
    Total                      1.069ns (0.290ns logic, 0.779ns route)
                                       (27.1% logic, 72.9% route)

=========================================================================
Timing constraint: Default OFFSET IN BEFORE for Clock 'clk_100mhz'
  Total number of paths / destination ports: 1195 / 100
-------------------------------------------------------------------------
Offset:              2.089ns (Levels of Logic = 10)
  Source:            SW<2> (PAD)
  Destination:       U9/SW_OK_0 (FF)
  Destination Clock: clk_100mhz rising

  Data Path: SW<2> to U9/SW_OK_0
                                Gate     Net
    Cell:in->out      fanout   Delay   Delay  Logical Name (Net Name)
    ----------------------------------------  ------------
     IBUF:I->O             3   0.000   0.625  SW_2_IBUF (SW_2_IBUF)
     begin scope: 'U9:SW<2>'
     LUT6:I0->O            1   0.043   0.000  Mcompar_sw_temp[15]_SW[15]_not_equal_100_o_lut<0> (Mcompar_sw_temp[15]_SW[15]_not_equal_100_o_lut<0>)
     MUXCY:S->O            1   0.238   0.000  Mcompar_sw_temp[15]_SW[15]_not_equal_100_o_cy<0> (Mcompar_sw_temp[15]_SW[15]_not_equal_100_o_cy<0>)
     MUXCY:CI->O           1   0.013   0.000  Mcompar_sw_temp[15]_SW[15]_not_equal_100_o_cy<1> (Mcompar_sw_temp[15]_SW[15]_not_equal_100_o_cy<1>)
     MUXCY:CI->O           1   0.013   0.000  Mcompar_sw_temp[15]_SW[15]_not_equal_100_o_cy<2> (Mcompar_sw_temp[15]_SW[15]_not_equal_100_o_cy<2>)
     MUXCY:CI->O           1   0.013   0.000  Mcompar_sw_temp[15]_SW[15]_not_equal_100_o_cy<3> (Mcompar_sw_temp[15]_SW[15]_not_equal_100_o_cy<3>)
     MUXCY:CI->O           1   0.013   0.000  Mcompar_sw_temp[15]_SW[15]_not_equal_100_o_cy<4> (Mcompar_sw_temp[15]_SW[15]_not_equal_100_o_cy<4>)
     MUXCY:CI->O          43   0.013   0.471  Mcompar_sw_temp[15]_SW[15]_not_equal_100_o_cy<5> (sw_temp[15]_SW[15]_not_equal_100_o)
     INV:I->O             17   0.054   0.429  _n0243_inv1_cepot_cepot_INV_0 (_n0243_inv1_cepot_cepot)
     FDE:CE                    0.161          SW_OK_0
    ----------------------------------------
    Total                      2.089ns (0.563ns logic, 1.525ns route)
                                       (27.0% logic, 73.0% route)

=========================================================================
Timing constraint: Default OFFSET IN BEFORE for Clock 'U9/clk1'
  Total number of paths / destination ports: 176 / 41
-------------------------------------------------------------------------
Offset:              2.109ns (Levels of Logic = 6)
  Source:            BTN_y<3> (PAD)
  Destination:       U9/Key_x_1 (FF)
  Destination Clock: U9/clk1 rising

  Data Path: BTN_y<3> to U9/Key_x_1
                                Gate     Net
    Cell:in->out      fanout   Delay   Delay  Logical Name (Net Name)
    ----------------------------------------  ------------
     IBUF:I->O             6   0.000   0.550  BTN_y_3_IBUF (BTN_y_3_IBUF)
     begin scope: 'U9:Key_y<3>'
     LUT4:I0->O           12   0.043   0.674  out1 (n0016)
     LUT6:I0->O            3   0.043   0.362  _n0295<0>1 (_n0295<0>)
     LUT6:I5->O            1   0.043   0.350  Key_x[4]_PWR_1_o_select_74_OUT<1>1 (Key_x[4]_PWR_1_o_select_74_OUT<4>)
     LUT3:I2->O            1   0.043   0.000  Key_x_4_dpot (Key_x_4_dpot)
     FDE:D                    -0.000          Key_x_4
    ----------------------------------------
    Total                      2.109ns (0.172ns logic, 1.937ns route)
                                       (8.2% logic, 91.8% route)

=========================================================================
Timing constraint: Default OFFSET OUT AFTER for Clock 'U9/clk1'
  Total number of paths / destination ports: 6 / 6
-------------------------------------------------------------------------
Offset:              0.658ns (Levels of Logic = 2)
  Source:            U9/Key_x_4 (FF)
  Destination:       BTN_x<4> (PAD)
  Source Clock:      U9/clk1 rising

  Data Path: U9/Key_x_4 to BTN_x<4>
                                Gate     Net
    Cell:in->out      fanout   Delay   Delay  Logical Name (Net Name)
    ----------------------------------------  ------------
     FDE:C->Q             16   0.236   0.422  Key_x_4 (Key_x<4>)
     end scope: 'U9:Key_x<4>'
     OBUF:I->O                 0.000          BTN_x_4_OBUF (BTN_x<4>)
    ----------------------------------------
    Total                      0.658ns (0.236ns logic, 0.422ns route)
                                       (35.8% logic, 64.2% route)

=========================================================================
Timing constraint: Default OFFSET OUT AFTER for Clock 'clk_100mhz'
  Total number of paths / destination ports: 28 / 21
-------------------------------------------------------------------------
Offset:              2.332ns (Levels of Logic = 4)
  Source:            U8/clkdiv_25 (FF)
  Destination:       SEGMENT<6> (PAD)
  Source Clock:      clk_100mhz rising

  Data Path: U8/clkdiv_25 to SEGMENT<6>
                                Gate     Net
    Cell:in->out      fanout   Delay   Delay  Logical Name (Net Name)
    ----------------------------------------  ------------
     FDC:C->Q              4   0.236   0.620  U8/clkdiv_25 (U8/clkdiv_25)
     AND2:I1->O            7   0.053   0.647  U61/XLXI_17 (U61/XLXN_1)
     OR2:I0->O             1   0.043   0.350  U61/Hex27SEG/XLXI_47 (U61/SEG_TXT<0>)
     LUT3:I2->O            1   0.043   0.339  U61/MUXHM/Mmux_o11 (SEGMENT_0_OBUF)
     OBUF:I->O                 0.000          SEGMENT_0_OBUF (SEGMENT<0>)
    ----------------------------------------
    Total                      2.332ns (0.375ns logic, 1.957ns route)
                                       (16.1% logic, 83.9% route)

=========================================================================
Timing constraint: Default OFFSET OUT AFTER for Clock 'U61/M2/_n0039'
  Total number of paths / destination ports: 102 / 8
-------------------------------------------------------------------------
Offset:              3.788ns (Levels of Logic = 6)
  Source:            U61/M2/Hexo_0 (LATCH)
  Destination:       SEGMENT<3> (PAD)
  Source Clock:      U61/M2/_n0039 falling

  Data Path: U61/M2/Hexo_0 to SEGMENT<3>
                                Gate     Net
    Cell:in->out      fanout   Delay   Delay  Logical Name (Net Name)
    ----------------------------------------  ------------
     LD:G->Q              13   0.330   0.407  U61/M2/Hexo_0 (U61/M2/Hexo_0)
     INV:I->O              6   0.317   0.641  U61/Hex27SEG/XLXI_4 (U61/Hex27SEG/XLXN_24)
     AND4:I0->O            2   0.043   0.527  U61/Hex27SEG/XLXI_6 (U61/Hex27SEG/XLXN_26)
     OR4:I2->O             1   0.134   0.603  U61/Hex27SEG/XLXI_17 (U61/Hex27SEG/XLXN_208)
     OR2:I1->O             1   0.053   0.350  U61/Hex27SEG/XLXI_47 (U61/SEG_TXT<0>)
     LUT3:I2->O            1   0.043   0.339  U61/MUXHM/Mmux_o11 (SEGMENT_0_OBUF)
     OBUF:I->O                 0.000          SEGMENT_0_OBUF (SEGMENT<0>)
    ----------------------------------------
    Total                      3.788ns (0.920ns logic, 2.868ns route)
                                       (24.3% logic, 75.7% route)

=========================================================================
Timing constraint: Default OFFSET OUT AFTER for Clock 'Clk_CPU'
  Total number of paths / destination ports: 3 / 3
-------------------------------------------------------------------------
Offset:              0.609ns (Levels of Logic = 2)
  Source:            U7/LED_P2S/s_clk (FF)
  Destination:       led_clk (PAD)
  Source Clock:      Clk_CPU falling

  Data Path: U7/LED_P2S/s_clk to led_clk
                                Gate     Net
    Cell:in->out      fanout   Delay   Delay  Logical Name (Net Name)
    ----------------------------------------  ------------
     FDC:C->Q              7   0.236   0.373  s_clk (s_clk)
     end scope: 'U7/LED_P2S:s_clk'
     OBUF:I->O                 0.000          led_clk_OBUF (led_clk)
    ----------------------------------------
    Total                      0.609ns (0.236ns logic, 0.373ns route)
                                       (38.7% logic, 61.3% route)

=========================================================================

Cross Clock Domains Report:
--------------------------

Clock to Setup on destination clock Clk_CPU
---------------+---------+---------+---------+---------+
               | Src:Rise| Src:Fall| Src:Rise| Src:Fall|
Source Clock   |Dest:Rise|Dest:Rise|Dest:Fall|Dest:Fall|
---------------+---------+---------+---------+---------+
Clk_CPU        |    8.074|         |    7.244|         |
U8/clkdiv_6    |    1.402|         |    0.897|         |
clk_100mhz     |    1.406|         |    1.610|         |
---------------+---------+---------+---------+---------+

Clock to Setup on destination clock M4/push
---------------+---------+---------+---------+---------+
               | Src:Rise| Src:Fall| Src:Rise| Src:Fall|
Source Clock   |Dest:Rise|Dest:Rise|Dest:Fall|Dest:Fall|
---------------+---------+---------+---------+---------+
M4/push        |    1.069|         |         |         |
U9/clk1        |    0.818|         |         |         |
clk_100mhz     |    1.336|         |         |         |
---------------+---------+---------+---------+---------+

Clock to Setup on destination clock U61/M2/_n0039
---------------+---------+---------+---------+---------+
               | Src:Rise| Src:Fall| Src:Rise| Src:Fall|
Source Clock   |Dest:Rise|Dest:Rise|Dest:Fall|Dest:Fall|
---------------+---------+---------+---------+---------+
Clk_CPU        |         |         |    8.479|         |
U8/clkdiv_6    |         |         |    1.801|         |
clk_100mhz     |         |         |    1.811|         |
---------------+---------+---------+---------+---------+

Clock to Setup on destination clock U8/clkdiv_6
---------------+---------+---------+---------+---------+
               | Src:Rise| Src:Fall| Src:Rise| Src:Fall|
Source Clock   |Dest:Rise|Dest:Rise|Dest:Fall|Dest:Fall|
---------------+---------+---------+---------+---------+
Clk_CPU        |         |    2.138|         |         |
U8/clkdiv_6    |    2.221|         |         |         |
clk_100mhz     |    1.618|         |         |         |
---------------+---------+---------+---------+---------+

Clock to Setup on destination clock U9/clk1
---------------+---------+---------+---------+---------+
               | Src:Rise| Src:Fall| Src:Rise| Src:Fall|
Source Clock   |Dest:Rise|Dest:Rise|Dest:Fall|Dest:Fall|
---------------+---------+---------+---------+---------+
U9/clk1        |    2.152|         |         |         |
clk_100mhz     |    1.292|         |         |         |
---------------+---------+---------+---------+---------+

Clock to Setup on destination clock clk_100mhz
---------------+---------+---------+---------+---------+
               | Src:Rise| Src:Fall| Src:Rise| Src:Fall|
Source Clock   |Dest:Rise|Dest:Rise|Dest:Fall|Dest:Fall|
---------------+---------+---------+---------+---------+
Clk_CPU        |   12.309|    4.974|    7.494|         |
M4/push        |    1.928|         |         |         |
U8/clkdiv_6    |    5.631|         |         |         |
U9/clk1        |    1.100|         |         |         |
clk_100mhz     |    5.635|         |    0.603|         |
---------------+---------+---------+---------+---------+

=========================================================================


Total REAL time to Xst completion: 23.00 secs
Total CPU time to Xst completion: 22.64 secs
 
--> 

Total memory usage is 4647616 kilobytes

Number of errors   :    0 (   0 filtered)
Number of warnings :  134 (   0 filtered)
Number of infos    :   10 (   0 filtered)

